
> dev
> nuxt dev -p 14322 --env-file .env

[nuxi] Nuxt 3.19.2 with Nitro 2.12.6

  ➜ Local:    http://localhost:14322/
  ➜ Network:  use --host to expose

[nuxt:tailwindcss] ℹ Using default Tailwind CSS file
[sidebase-auth] ℹ nuxt-auth setup starting
[sidebase-auth] ℹ Selected provider: authjs. Auth API location is /api/auth, ensure that NuxtAuthHandler({ ... }) is there, see https://sidebase.io/nuxt-auth/configuration/nuxt-auth-handler
[sidebase-auth] ✔ nuxt-auth setup done
  ➜ DevTools: press Shift + Alt + D in the browser (v2.6.3)

ℹ Nuxt Icon server bundle mode is set to local
✔ Nuxt Icon discovered local-installed 1 collections: heroicons
[nuxt:tailwindcss] ℹ Tailwind Viewer: http://localhost:14322/_tailwind/
✔ Vite client built in 79ms
✔ Vite server built in 5359ms
[nuxt] ℹ Compiled plugins.server.mjs in 630.9ms
[nuxt] ℹ Compiled plugins.client.mjs in 860.78ms
[nuxt] ℹ Compiled types/plugins.d.ts in 920.62ms
[nuxt] ℹ Compiled plugins.client.mjs in 529.57ms
[nuxt] ℹ Compiled types/plugins.d.ts in 587.65ms
[nitro] ✔ Nuxt Nitro server built in 3868ms
ℹ Vite client warmed up in 5ms
Auth handler loading, environment variables: { hasAuthSecret: true,
  hasNextAuthUrl: true,
  hasAuthOrigin: true,
  nextAuthUrl: 'http://localhost:14322',
  authOrigin: 'http://localhost:14322' }
ℹ Vite server warmed up in 11796ms
✔ Vite server hmr 2 files in 539.518ms
ℹ ✨ new dependencies optimized: vue-chartjs, chart.js
ℹ ✨ optimized dependencies changed. reloading
✔ Vite server hmr 1 files in 0.005ms
Redirect callback called: { url: 'http://localhost:14322',
  baseUrl: 'http://localhost:14322',
  redirectUrl: 'http://localhost:14322' }
[nuxt] ℹ Compiled plugins.server.mjs in 1679.09ms
[nuxt] ℹ Compiled plugins.client.mjs in 1764.67ms
[nuxt] ℹ Compiled types/plugins.d.ts in 1821.08ms
ℹ
PWA v0.21.2
mode      generateSW
precache  2 entries (0.00 KiB)
files generated
  .nuxt/dev-sw-dist/sw.js.map
  .nuxt/dev-sw-dist/sw.js
  .nuxt/dev-sw-dist/workbox-54d0af47.js.map
  .nuxt/dev-sw-dist/workbox-54d0af47.js
✔ Vite server hmr 1 files in 0.004ms
Redirect callback called: { url: 'http://localhost:14322',
  baseUrl: 'http://localhost:14322',
  redirectUrl: 'http://localhost:14322' }
✔ Vite server hmr 3 files in 0.004ms
✔ Vite server hmr 1 files in 0.004ms
Redirect callback called: { url: 'http://localhost:14322',
  baseUrl: 'http://localhost:14322',
  redirectUrl: 'http://localhost:14322' }
✔ Vite server hmr 3 files in 0.005ms
✔ Vite server hmr 1 files in 0.005ms
Redirect callback called: { url: 'http://localhost:14322',
  baseUrl: 'http://localhost:14322',
  redirectUrl: 'http://localhost:14322' }
✔ Vite server hmr 2 files in 0.007ms
✔ Vite server hmr 1 files in 0.005ms
Redirect callback called: { url: 'http://localhost:14322',
  baseUrl: 'http://localhost:14322',
  redirectUrl: 'http://localhost:14322' }
Initializing users database connection
Connected to the users database
Admin user created successfully.
✔ Vite server hmr 3 files in 0.008ms
✔ Vite server hmr 1 files in 0.002ms
Redirect callback called: { url: 'http://localhost:14322',
  baseUrl: 'http://localhost:14322',
  redirectUrl: 'http://localhost:14322' }
Redirect callback called: { url: 'http://localhost:14322',
  baseUrl: 'http://localhost:14322',
  redirectUrl: 'http://localhost:14322' }
Redirect callback called: { url: 'http://localhost:14322',
  baseUrl: 'http://localhost:14322',
  redirectUrl: 'http://localhost:14322' }
Redirect callback called: { url: 'undefined',
  baseUrl: 'http://localhost:14322',
  redirectUrl: 'http://localhost:14322' }
Auth authorize called with credentials: { username: 'admin', hasPassword: true }
Database connection obtained, querying for user: admin
User query result: { id: 1, username: 'admin', is_approved: 1, has_password: true }
Verifying password...
Password verification result: true
Auth successful for user: admin
Redirect callback called: { url: 'http://localhost:14322',
  baseUrl: 'http://localhost:14322',
  redirectUrl: 'http://localhost:14322' }
Initializing categories database connection
Connected to the categories database
Categories GET handler called
Before db.all
After db.all, categories: []
Initializing descriptions database connection
Connected to the descriptions database
Description usage table is empty, running migration...
Migration finished.
Returning 0 MRU-sorted descriptions
Categories GET handler called
Before db.all
After db.all, categories: []
ℹ hmr update /pages/user-settings.vue, /node_modules/tailwindcss/tailwind.css, /node_modules/tailwindcss/tailwind.css?direct, /pages/user-settings.vue?macro=true, /@id/virtual:nuxt:%2Fapp%2F.nuxt%2Froutes.mjs
ℹ hmr update /pages/admin.vue, /node_modules/tailwindcss/tailwind.css, /node_modules/tailwindcss/tailwind.css?direct, /pages/admin.vue?macro=true, /@id/virtual:nuxt:%2Fapp%2F.nuxt%2Froutes.mjs
ℹ hmr update /pages/manage-categories.vue, /node_modules/tailwindcss/tailwind.css, /node_modules/tailwindcss/tailwind.css?direct, /pages/manage-categories.vue?macro=true, /@id/virtual:nuxt:%2Fapp%2F.nuxt%2Froutes.mjs
ℹ hmr update /components/MobileNavBar.vue?direct&vue&type=style&index=0&scoped=38998cc6&lang.css, /components/MobileNavBar.vue, /node_modules/tailwindcss/tailwind.css, /node_modules/tailwindcss/tailwind.css?direct
ℹ hmr update /components/MobileNavBar.vue?direct&vue&type=style&index=0&scoped=38998cc6&lang.css, /components/MobileNavBar.vue, /node_modules/tailwindcss/tailwind.css, /node_modules/tailwindcss/tailwind.css?direct (x2)
ℹ hmr update /components/Dashboard.vue?direct&vue&type=style&index=0&scoped=5533fda9&lang.css, /components/Dashboard.vue, /node_modules/tailwindcss/tailwind.css, /node_modules/tailwindcss/tailwind.css?direct
ℹ hmr update /pages/expense-list.vue, /pages/expense-list.vue?direct&vue&type=style&index=0&scoped=b0f18a12&lang.css, /node_modules/tailwindcss/tailwind.css, /node_modules/tailwindcss/tailwind.css?direct, /pages/expense-list.vue?macro=true, /@id/virtual:nuxt:%2Fapp%2F.nuxt%2Froutes.mjs
