
> dev
> nuxt dev -p 14322 --env-file .env

[nuxi] Nuxt 3.19.2 with Nitro 2.12.6

  ➜ Local:    http://localhost:14322/
  ➜ Network:  use --host to expose

[nuxt:tailwindcss] ℹ Using default Tailwind CSS file
[sidebase-auth] ℹ nuxt-auth setup starting
[sidebase-auth] ℹ Selected provider: authjs. Auth API location is /api/auth, ensure that NuxtAuthHandler({ ... }) is there, see https://sidebase.io/nuxt-auth/configuration/nuxt-auth-handler
[sidebase-auth] ✔ nuxt-auth setup done
  ➜ DevTools: press Shift + Alt + D in the browser (v2.6.3)

ℹ Nuxt Icon server bundle mode is set to local
✔ Nuxt Icon discovered local-installed 1 collections: heroicons
[nuxt:tailwindcss] ℹ Tailwind Viewer: http://localhost:14322/_tailwind/
✔ Vite client built in 88ms
✔ Vite server built in 6875ms
[nuxt] ℹ Compiled types/plugins.d.ts in 501.62ms
[nitro] ✔ Nuxt Nitro server built in 2666ms
ℹ Vite client warmed up in 5ms
Auth handler loading, environment variables: { hasAuthSecret: true,
  hasNextAuthUrl: true,
  hasAuthOrigin: true,
  nextAuthUrl: 'http://localhost:14322',
  authOrigin: 'http://localhost:14322' }
ℹ Vite server warmed up in 10584ms
✔ Vite server hmr 1 files in 1173.45ms
Initializing categories database connection
Connected to the categories database
Categories GET handler called
Before db.all
After db.all, categories: []
Initializing descriptions database connection
Connected to the descriptions database
Description usage table is empty, running migration...
Migration finished.
Returning 0 MRU-sorted descriptions
ℹ
PWA v0.21.2
mode      generateSW
precache  2 entries (0.00 KiB)
files generated
  .nuxt/dev-sw-dist/sw.js.map
  .nuxt/dev-sw-dist/sw.js
  .nuxt/dev-sw-dist/workbox-54d0af47.js.map
  .nuxt/dev-sw-dist/workbox-54d0af47.js
✔ Vite server hmr 4 files in 0.004ms
Redirect callback called: { url: 'http://localhost:14322',
  baseUrl: 'http://localhost:14322',
  redirectUrl: 'http://localhost:14322' }
✔ Vite server hmr 1 files in 0.004ms
Redirect callback called: { url: 'http://localhost:14322',
  baseUrl: 'http://localhost:14322',
  redirectUrl: 'http://localhost:14322' }
Categories GET handler called
Before db.all
After db.all, categories: []
✔ Vite server hmr 1 files in 0.008ms
[nuxt] ℹ Compiled plugins.server.mjs in 1707.81ms
[nuxt] ℹ Compiled plugins.client.mjs in 1736.81ms
[nuxt] ℹ Compiled types/plugins.d.ts in 1775.07ms
Redirect callback called: { url: 'http://localhost:14322',
  baseUrl: 'http://localhost:14322',
  redirectUrl: 'http://localhost:14322' }
ℹ hmr update /layouts/default.vue, /layouts/default.vue?direct&vue&type=style&index=0&scoped=433a9abd&lang.css, /node_modules/tailwindcss/tailwind.css, /node_modules/tailwindcss/tailwind.css?direct
ℹ hmr update /pages/index.vue, /pages/index.vue?direct&vue&type=style&index=0&scoped=02281a80&lang.css, /node_modules/tailwindcss/tailwind.css, /node_modules/tailwindcss/tailwind.css?direct, /pages/index.vue?macro=true, /@id/virtual:nuxt:%2Fapp%2F.nuxt%2Froutes.mjs
ℹ .env changed, restarting server...
ℹ server restarted.
[nuxt:tailwindcss] ℹ Using default Tailwind CSS file
[sidebase-auth] ℹ nuxt-auth setup starting
[sidebase-auth] ℹ Selected provider: authjs. Auth API location is /api/auth, ensure that NuxtAuthHandler({ ... }) is there, see https://sidebase.io/nuxt-auth/configuration/nuxt-auth-handler
[sidebase-auth] ✔ nuxt-auth setup done
  ➜ DevTools: press Shift + Alt + D in the browser (v2.6.3)

ℹ Nuxt Icon server bundle mode is set to local
✔ Nuxt Icon discovered local-installed 1 collections: heroicons
[nuxt:tailwindcss] ℹ Tailwind Viewer: http://localhost:14322/_tailwind/
✔ Vite client built in 145ms
✔ Vite server built in 6027ms
[nitro] ✔ Nuxt Nitro server built in 2525ms
ℹ Vite client warmed up in 4ms
Auth handler loading, environment variables: { hasAuthSecret: true,
  hasNextAuthUrl: true,
  hasAuthOrigin: true,
  nextAuthUrl: 'http://localhost:14322',
  authOrigin: 'http://localhost:14322' }
ℹ Vite server warmed up in 10562ms
